Using pre-set license
Built from '2020.2/staging' branch; Version is '2020.2.5f1 (e2c53f129de5) revision 14861631'; Using compiler version '192528614'; Build Type 'Release'
OS: 'Windows 10 Home Single Language; OS build 19042.928; Version 2009; 64bit' Language: 'es' Physical Memory: 8087 MB
BatchMode: 1, IsHumanControllingUs: 0, StartBugReporterOnCrash: 0, Is64bit: 1, IsPro: 0

 COMMAND LINE ARGUMENTS:
C:\Program Files\Unity\Hub\Editor\2020.2.5f1\Editor\Unity.exe
-adb2
-batchMode
-noUpm
-name
AssetImportWorker2
-projectPath
C:/Users/nicol/Documents/GitHub/Dash_Bros/Dash Bros
-logFile
Logs/AssetImportWorker2.log
-srvPort
60401
Successfully changed project path to: C:/Users/nicol/Documents/GitHub/Dash_Bros/Dash Bros
C:/Users/nicol/Documents/GitHub/Dash_Bros/Dash Bros
Using Asset Import Pipeline V2.
Refreshing native plugins compatible for Editor in 127.58 ms, found 1 plugins.
Preloading 0 native plugins for Editor in 0.00 ms.
Initialize engine version: 2020.2.5f1 (e2c53f129de5)
[Subsystems] Discovering subsystems at path C:/Program Files/Unity/Hub/Editor/2020.2.5f1/Editor/Data/Resources/UnitySubsystems
[Subsystems] Discovering subsystems at path C:/Users/nicol/Documents/GitHub/Dash_Bros/Dash Bros/Assets
GfxDevice: creating device client; threaded=0
Direct3D:
    Version:  Direct3D 11.0 [level 11.1]
    Renderer: Intel(R) HD Graphics 4600 (ID=0x416)
    Vendor:   
    VRAM:     2048 MB
    Driver:   20.19.15.5058
Initialize mono
Mono path[0] = 'C:/Program Files/Unity/Hub/Editor/2020.2.5f1/Editor/Data/Managed'
Mono path[1] = 'C:/Program Files/Unity/Hub/Editor/2020.2.5f1/Editor/Data/MonoBleedingEdge/lib/mono/unityjit'
Mono config path = 'C:/Program Files/Unity/Hub/Editor/2020.2.5f1/Editor/Data/MonoBleedingEdge/etc'
Using monoOptions --debugger-agent=transport=dt_socket,embedding=1,server=y,suspend=n,address=127.0.0.1:56416
Begin MonoManager ReloadAssembly
Registering precompiled unity dll's ...
Register platform support module: C:/Program Files/Unity/Hub/Editor/2020.2.5f1/Editor/Data/PlaybackEngines/WindowsStandaloneSupport/UnityEditor.WindowsStandalone.Extensions.dll
Registered in 0.007817 seconds.
Native extension for WindowsStandalone target not found
Refreshing native plugins compatible for Editor in 153.92 ms, found 1 plugins.
Preloading 0 native plugins for Editor in 0.00 ms.
Invoked RoslynAnalysisRunner static constructor.
RoslynAnalysisRunner will not be running.
RoslynAnalysisRunner has terminated.
Mono: successfully reloaded assembly
- Completed reload, in  6.020 seconds
Platform modules already initialized, skipping
Registering precompiled user dll's ...
Registered in 0.003664 seconds.
Begin MonoManager ReloadAssembly
Native extension for WindowsStandalone target not found
Refreshing native plugins compatible for Editor in 95.34 ms, found 1 plugins.
Preloading 0 native plugins for Editor in 0.00 ms.
Invoked RoslynAnalysisRunner static constructor.
RoslynAnalysisRunner will not be running.
RoslynAnalysisRunner has terminated.
Mono: successfully reloaded assembly
- Completed reload, in  2.726 seconds
Platform modules already initialized, skipping
========================================================================
Worker process is ready to serve import requests
Launched and connected shader compiler UnityShaderCompiler.exe after 0.23 seconds
Refreshing native plugins compatible for Editor in 1.27 ms, found 1 plugins.
Preloading 0 native plugins for Editor in 0.00 ms.
Unloading 1797 Unused Serialized files (Serialized files now loaded: 0)
System memory in use before: 84.5 MB.
System memory in use after: 84.4 MB.

Unloading 24 unused Assets to reduce memory usage. Loaded Objects now: 2238.
Total: 5.497700 ms (FindLiveObjects: 0.413900 ms CreateObjectMapping: 0.300400 ms MarkObjects: 4.461600 ms  DeleteObjects: 0.319100 ms)

========================================================================
Received Import Request.
  path: Assets/Scripts/PlayerMove.cs
  artifactKey: Guid(49c78f27ca13bd3449ec01719ad96d58) Importer(815301076,1909f56bfc062723c751e8b465ee728b)
Start importing Assets/Scripts/PlayerMove.cs using Guid(49c78f27ca13bd3449ec01719ad96d58) Importer(815301076,1909f56bfc062723c751e8b465ee728b)  -> (artifact id: '39d3e0237f7bcdbcf02181d5f5640c4e') in 0.154775 seconds
  Import took 0.164188 seconds .

========================================================================
Received Prepare
Registering precompiled user dll's ...
Registered in 0.002246 seconds.
Begin MonoManager ReloadAssembly
Native extension for WindowsStandalone target not found
Refreshing native plugins compatible for Editor in 0.77 ms, found 1 plugins.
Preloading 0 native plugins for Editor in 0.00 ms.
Invoked RoslynAnalysisRunner static constructor.
RoslynAnalysisRunner will not be running.
RoslynAnalysisRunner has terminated.
Mono: successfully reloaded assembly
- Completed reload, in  2.595 seconds
Platform modules already initialized, skipping
Refreshing native plugins compatible for Editor in 1.10 ms, found 1 plugins.
Preloading 0 native plugins for Editor in 0.00 ms.
Unloading 1792 Unused Serialized files (Serialized files now loaded: 0)
System memory in use before: 84.4 MB.
System memory in use after: 84.4 MB.

Unloading 12 unused Assets to reduce memory usage. Loaded Objects now: 2241.
Total: 5.056600 ms (FindLiveObjects: 0.536200 ms CreateObjectMapping: 0.262700 ms MarkObjects: 4.022800 ms  DeleteObjects: 0.231900 ms)

========================================================================
Received Prepare
Registering precompiled user dll's ...
Registered in 0.002294 seconds.
Begin MonoManager ReloadAssembly
Native extension for WindowsStandalone target not found
Refreshing native plugins compatible for Editor in 1.05 ms, found 1 plugins.
Preloading 0 native plugins for Editor in 0.00 ms.
Invoked RoslynAnalysisRunner static constructor.
RoslynAnalysisRunner will not be running.
RoslynAnalysisRunner has terminated.
Mono: successfully reloaded assembly
- Completed reload, in  2.807 seconds
Platform modules already initialized, skipping
Refreshing native plugins compatible for Editor in 0.75 ms, found 1 plugins.
Preloading 0 native plugins for Editor in 0.00 ms.
Unloading 1792 Unused Serialized files (Serialized files now loaded: 0)
System memory in use before: 84.5 MB.
System memory in use after: 84.5 MB.

Unloading 12 unused Assets to reduce memory usage. Loaded Objects now: 2244.
Total: 6.207000 ms (FindLiveObjects: 0.682300 ms CreateObjectMapping: 0.358700 ms MarkObjects: 4.929100 ms  DeleteObjects: 0.233500 ms)

========================================================================
Received Prepare
Registering precompiled user dll's ...
Registered in 0.002229 seconds.
Begin MonoManager ReloadAssembly
Native extension for WindowsStandalone target not found
Refreshing native plugins compatible for Editor in 0.66 ms, found 1 plugins.
Preloading 0 native plugins for Editor in 0.00 ms.
Invoked RoslynAnalysisRunner static constructor.
RoslynAnalysisRunner will not be running.
RoslynAnalysisRunner has terminated.
Mono: successfully reloaded assembly
- Completed reload, in  2.803 seconds
Platform modules already initialized, skipping
Refreshing native plugins compatible for Editor in 0.71 ms, found 1 plugins.
Preloading 0 native plugins for Editor in 0.00 ms.
Unloading 1792 Unused Serialized files (Serialized files now loaded: 0)
System memory in use before: 84.5 MB.
System memory in use after: 84.5 MB.

Unloading 12 unused Assets to reduce memory usage. Loaded Objects now: 2247.
Total: 4.096300 ms (FindLiveObjects: 0.317400 ms CreateObjectMapping: 0.159300 ms MarkObjects: 3.395100 ms  DeleteObjects: 0.222300 ms)

========================================================================
Received Prepare
Registering precompiled user dll's ...
Registered in 0.002272 seconds.
Begin MonoManager ReloadAssembly
Native extension for WindowsStandalone target not found
Refreshing native plugins compatible for Editor in 0.68 ms, found 1 plugins.
Preloading 0 native plugins for Editor in 0.00 ms.
Invoked RoslynAnalysisRunner static constructor.
RoslynAnalysisRunner will not be running.
RoslynAnalysisRunner has terminated.
Mono: successfully reloaded assembly
- Completed reload, in  2.394 seconds
Platform modules already initialized, skipping
Refreshing native plugins compatible for Editor in 1.19 ms, found 1 plugins.
Preloading 0 native plugins for Editor in 0.00 ms.
Unloading 1792 Unused Serialized files (Serialized files now loaded: 0)
System memory in use before: 84.5 MB.
System memory in use after: 84.5 MB.

Unloading 12 unused Assets to reduce memory usage. Loaded Objects now: 2250.
Total: 4.876800 ms (FindLiveObjects: 0.403600 ms CreateObjectMapping: 0.297700 ms MarkObjects: 3.931200 ms  DeleteObjects: 0.241600 ms)

========================================================================
Received Prepare
Registering precompiled user dll's ...
Registered in 0.002318 seconds.
Begin MonoManager ReloadAssembly
Native extension for WindowsStandalone target not found
Refreshing native plugins compatible for Editor in 0.82 ms, found 1 plugins.
Preloading 0 native plugins for Editor in 0.00 ms.
Invoked RoslynAnalysisRunner static constructor.
RoslynAnalysisRunner will not be running.
RoslynAnalysisRunner has terminated.
Mono: successfully reloaded assembly
- Completed reload, in  2.211 seconds
Platform modules already initialized, skipping
Refreshing native plugins compatible for Editor in 1.92 ms, found 1 plugins.
Preloading 0 native plugins for Editor in 0.00 ms.
Unloading 1792 Unused Serialized files (Serialized files now loaded: 0)
System memory in use before: 84.5 MB.
System memory in use after: 84.5 MB.

Unloading 12 unused Assets to reduce memory usage. Loaded Objects now: 2253.
Total: 4.819400 ms (FindLiveObjects: 0.472400 ms CreateObjectMapping: 0.299500 ms MarkObjects: 3.799100 ms  DeleteObjects: 0.246000 ms)

========================================================================
Received Prepare
Registering precompiled user dll's ...
Registered in 0.002456 seconds.
Begin MonoManager ReloadAssembly
Native extension for WindowsStandalone target not found
Refreshing native plugins compatible for Editor in 0.70 ms, found 1 plugins.
Preloading 0 native plugins for Editor in 0.00 ms.
Invoked RoslynAnalysisRunner static constructor.
RoslynAnalysisRunner will not be running.
RoslynAnalysisRunner has terminated.
Mono: successfully reloaded assembly
- Completed reload, in  2.593 seconds
Platform modules already initialized, skipping
Refreshing native plugins compatible for Editor in 0.74 ms, found 1 plugins.
Preloading 0 native plugins for Editor in 0.00 ms.
Unloading 1792 Unused Serialized files (Serialized files now loaded: 0)
System memory in use before: 84.5 MB.
System memory in use after: 84.5 MB.

Unloading 12 unused Assets to reduce memory usage. Loaded Objects now: 2256.
Total: 5.145700 ms (FindLiveObjects: 0.439200 ms CreateObjectMapping: 0.193800 ms MarkObjects: 4.260500 ms  DeleteObjects: 0.249900 ms)

========================================================================
Received Import Request.
  Time since last request: 35219.368294 seconds.
  path: Assets/Brackeys/2D Mega Pack/Characters
  artifactKey: Guid(d9b6c188ea84ee5449f418bc1623dfa4) Importer(815301076,1909f56bfc062723c751e8b465ee728b)
Start importing Assets/Brackeys/2D Mega Pack/Characters using Guid(d9b6c188ea84ee5449f418bc1623dfa4) Importer(815301076,1909f56bfc062723c751e8b465ee728b)  -> (artifact id: '84f0c5838a6dba2779f34e7a13b7c2ed') in 0.748143 seconds
  Import took 1.210099 seconds .

========================================================================
Received Import Request.
  Time since last request: 0.000365 seconds.
  path: Assets/Brackeys/2D Mega Pack/Characters/Wizard.png
  artifactKey: Guid(c98b9cd543d1a6d448e27babb81798a0) Importer(815301076,1909f56bfc062723c751e8b465ee728b)
Start importing Assets/Brackeys/2D Mega Pack/Characters/Wizard.png using Guid(c98b9cd543d1a6d448e27babb81798a0) Importer(815301076,1909f56bfc062723c751e8b465ee728b)  -> (artifact id: 'fa40ae4931a3f40cdf9c1d162c4905a0') in 1.831196 seconds
  Import took 1.835340 seconds .

========================================================================
Received Import Request.
  Time since last request: 0.000288 seconds.
  path: Assets/Brackeys/2D Mega Pack/Characters/PongPlayer.png
  artifactKey: Guid(3f5d8b39358f65040ade5d7096bc8085) Importer(815301076,1909f56bfc062723c751e8b465ee728b)
Start importing Assets/Brackeys/2D Mega Pack/Characters/PongPlayer.png using Guid(3f5d8b39358f65040ade5d7096bc8085) Importer(815301076,1909f56bfc062723c751e8b465ee728b)  -> (artifact id: 'f5d84fc2ee318475b2747ebeaf02f26b') in 0.047442 seconds
  Import took 0.052659 seconds .

========================================================================
Received Import Request.
  Time since last request: 0.000213 seconds.
  path: Assets/Brackeys/2D Mega Pack/Characters/Astronaut.png
  artifactKey: Guid(a0e7f1167efba544bb8d6e3198ae44f9) Importer(815301076,1909f56bfc062723c751e8b465ee728b)
Start importing Assets/Brackeys/2D Mega Pack/Characters/Astronaut.png using Guid(a0e7f1167efba544bb8d6e3198ae44f9) Importer(815301076,1909f56bfc062723c751e8b465ee728b)  -> (artifact id: '63bc8e51b98b2846a2997e849127dc7e') in 0.055240 seconds
  Import took 0.059021 seconds .

========================================================================
Received Import Request.
  Time since last request: 0.000327 seconds.
  path: Assets/Brackeys/2D Mega Pack/Characters/ArcadePlayer.png
  artifactKey: Guid(b4c6e7d0285655f4a9db7355ab7ea678) Importer(815301076,1909f56bfc062723c751e8b465ee728b)
Start importing Assets/Brackeys/2D Mega Pack/Characters/ArcadePlayer.png using Guid(b4c6e7d0285655f4a9db7355ab7ea678) Importer(815301076,1909f56bfc062723c751e8b465ee728b)  -> (artifact id: '417111b75ca8ea1427c5953105cbc196') in 0.094306 seconds
  Import took 0.103953 seconds .

========================================================================
Received Import Request.
  Time since last request: 0.000654 seconds.
  path: Assets/Brackeys/2D Mega Pack/Characters/Detective.png
  artifactKey: Guid(f776e2e9690501e41a2e5b81ceb440b9) Importer(815301076,1909f56bfc062723c751e8b465ee728b)
Start importing Assets/Brackeys/2D Mega Pack/Characters/Detective.png using Guid(f776e2e9690501e41a2e5b81ceb440b9) Importer(815301076,1909f56bfc062723c751e8b465ee728b)  -> (artifact id: 'd1e1cce07ad0c649b35bf3c34580a4b9') in 0.078914 seconds
  Import took 0.085329 seconds .

========================================================================
Received Import Request.
  Time since last request: 0.000308 seconds.
  path: Assets/Brackeys/2D Mega Pack/Characters/MrPeanut.png
  artifactKey: Guid(25dbfbd01b6dc0c49a048b76d7f7368f) Importer(815301076,1909f56bfc062723c751e8b465ee728b)
Start importing Assets/Brackeys/2D Mega Pack/Characters/MrPeanut.png using Guid(25dbfbd01b6dc0c49a048b76d7f7368f) Importer(815301076,1909f56bfc062723c751e8b465ee728b)  -> (artifact id: '3fa0452afb45e1dfc7f057f0b7c53229') in 0.061010 seconds
  Import took 0.065912 seconds .

========================================================================
Received Import Request.
  Time since last request: 0.000312 seconds.
  path: Assets/Brackeys/2D Mega Pack/Characters/MrPickle.png
  artifactKey: Guid(9caa2d1bf58529846b51604707b587f6) Importer(815301076,1909f56bfc062723c751e8b465ee728b)
Start importing Assets/Brackeys/2D Mega Pack/Characters/MrPickle.png using Guid(9caa2d1bf58529846b51604707b587f6) Importer(815301076,1909f56bfc062723c751e8b465ee728b)  -> (artifact id: 'c6dffcc4186dee98ff006bca5322064b') in 0.106447 seconds
  Import took 0.113858 seconds .

========================================================================
Received Import Request.
  Time since last request: 0.000642 seconds.
  path: Assets/Brackeys/2D Mega Pack/Characters/Miner.png
  artifactKey: Guid(774fe8dccef69a44d9179e4529aea50c) Importer(815301076,1909f56bfc062723c751e8b465ee728b)
Start importing Assets/Brackeys/2D Mega Pack/Characters/Miner.png using Guid(774fe8dccef69a44d9179e4529aea50c) Importer(815301076,1909f56bfc062723c751e8b465ee728b)  -> (artifact id: 'd7effa7028d8561ce127ac5744b97d94') in 0.034715 seconds
  Import took 0.042759 seconds .

========================================================================
Received Import Request.
  Time since last request: 1.459049 seconds.
  path: Assets/Brackeys/2D Mega Pack/Characters/Animation
  artifactKey: Guid(6048353bbf51de5408e4aeb1b1c4d839) Importer(815301076,1909f56bfc062723c751e8b465ee728b)
Start importing Assets/Brackeys/2D Mega Pack/Characters/Animation using Guid(6048353bbf51de5408e4aeb1b1c4d839) Importer(815301076,1909f56bfc062723c751e8b465ee728b)  -> (artifact id: '74625248ea7125bc6aed76e38a4930a2') in 0.030030 seconds
  Import took 0.033978 seconds .

========================================================================
Received Import Request.
  Time since last request: 1.989936 seconds.
  path: Assets/Brackeys/2D Mega Pack/Characters/Animation/Detective
  artifactKey: Guid(eda7afd442f6dc64f9937be152dd4539) Importer(815301076,1909f56bfc062723c751e8b465ee728b)
Start importing Assets/Brackeys/2D Mega Pack/Characters/Animation/Detective using Guid(eda7afd442f6dc64f9937be152dd4539) Importer(815301076,1909f56bfc062723c751e8b465ee728b)  -> (artifact id: 'ff6e56e709d05e617f5ad55c74f7cc8a') in 0.003995 seconds
  Import took 0.008347 seconds .

========================================================================
Received Import Request.
  Time since last request: 0.159478 seconds.
  path: Assets/Brackeys/2D Mega Pack/Characters/Animation/Detective/Detective_Skeleton.overrideController
  artifactKey: Guid(a287e73abbf59654d926ab06a6f7d2cb) Importer(815301076,1909f56bfc062723c751e8b465ee728b)
Start importing Assets/Brackeys/2D Mega Pack/Characters/Animation/Detective/Detective_Skeleton.overrideController using Guid(a287e73abbf59654d926ab06a6f7d2cb) Importer(815301076,1909f56bfc062723c751e8b465ee728b)  -> (artifact id: '54ec91346780430fc79cc9864b0896b4') in 0.158602 seconds
  Import took 0.176717 seconds .

========================================================================
Received Import Request.
  Time since last request: 130.741401 seconds.
  path: Assets/Sprites
  artifactKey: Guid(294fd8d933196a54b8c97587fb0fb1a5) Importer(815301076,1909f56bfc062723c751e8b465ee728b)
Start importing Assets/Sprites using Guid(294fd8d933196a54b8c97587fb0fb1a5) Importer(815301076,1909f56bfc062723c751e8b465ee728b)  -> (artifact id: '4866eb574a129e5a028daa486efec75d') in 0.009428 seconds
  Import took 0.014838 seconds .

========================================================================
Received Import Request.
  Time since last request: 75.552384 seconds.
  path: Assets/Sprites/Virtual Guy
  artifactKey: Guid(17688f7891539f345b2ea0ec1b52c42d) Importer(815301076,1909f56bfc062723c751e8b465ee728b)
Start importing Assets/Sprites/Virtual Guy using Guid(17688f7891539f345b2ea0ec1b52c42d) Importer(815301076,1909f56bfc062723c751e8b465ee728b)  -> (artifact id: 'f046a9a0a9763733d6523b2133bbce70') in 0.011515 seconds
  Import took 0.017949 seconds .

========================================================================
Received Import Request.
  Time since last request: 0.120320 seconds.
  path: Assets/Sprites/Virtual Guy/Double Jump (32x32).png
  artifactKey: Guid(b2269353bda6a7c4c9424624c29746e1) Importer(815301076,1909f56bfc062723c751e8b465ee728b)
Start importing Assets/Sprites/Virtual Guy/Double Jump (32x32).png using Guid(b2269353bda6a7c4c9424624c29746e1) Importer(815301076,1909f56bfc062723c751e8b465ee728b)  -> (artifact id: '5eb68c82b94d185ec7a02013ed0709fd') in 0.084685 seconds
  Import took 0.089619 seconds .

========================================================================
Received Import Request.
  Time since last request: 0.000298 seconds.
  path: Assets/Sprites/Virtual Guy/Jump (32x32).png
  artifactKey: Guid(6a0678c03392b6c4584d41e957d2d2a8) Importer(815301076,1909f56bfc062723c751e8b465ee728b)
Start importing Assets/Sprites/Virtual Guy/Jump (32x32).png using Guid(6a0678c03392b6c4584d41e957d2d2a8) Importer(815301076,1909f56bfc062723c751e8b465ee728b)  -> (artifact id: 'ab1535c6edcd83ab492ea8256a6bce61') in 0.038606 seconds
  Import took 0.042551 seconds .

========================================================================
Received Import Request.
  Time since last request: 0.000386 seconds.
  path: Assets/Sprites/Virtual Guy/Fall (32x32).png
  artifactKey: Guid(44f3189c45b35ba4caa9184087692a47) Importer(815301076,1909f56bfc062723c751e8b465ee728b)
Start importing Assets/Sprites/Virtual Guy/Fall (32x32).png using Guid(44f3189c45b35ba4caa9184087692a47) Importer(815301076,1909f56bfc062723c751e8b465ee728b)  -> (artifact id: 'ec945e38e07421a2534acea5f3ce5b83') in 0.018915 seconds
  Import took 0.023304 seconds .

========================================================================
Received Import Request.
  Time since last request: 0.000407 seconds.
  path: Assets/Sprites/Virtual Guy/Hit (32x32).png
  artifactKey: Guid(0a5e580766b214043acbbbd1fcb927cc) Importer(815301076,1909f56bfc062723c751e8b465ee728b)
Start importing Assets/Sprites/Virtual Guy/Hit (32x32).png using Guid(0a5e580766b214043acbbbd1fcb927cc) Importer(815301076,1909f56bfc062723c751e8b465ee728b)  -> (artifact id: '206ab9708aec7654b0b33b6a8be93da6') in 0.039070 seconds
  Import took 0.044038 seconds .

========================================================================
Received Import Request.
  Time since last request: 0.000410 seconds.
  path: Assets/Sprites/Virtual Guy/Idle (32x32).png
  artifactKey: Guid(a0f7a22ee06ab434fa6f88badd095720) Importer(815301076,1909f56bfc062723c751e8b465ee728b)
Start importing Assets/Sprites/Virtual Guy/Idle (32x32).png using Guid(a0f7a22ee06ab434fa6f88badd095720) Importer(815301076,1909f56bfc062723c751e8b465ee728b)  -> (artifact id: 'bf0842494dab9797bd1c726b4fde6eb1') in 0.049167 seconds
  Import took 0.053441 seconds .

========================================================================
Received Import Request.
  Time since last request: 0.000331 seconds.
  path: Assets/Sprites/Virtual Guy/Run (32x32).png
  artifactKey: Guid(4f8a920ce9fc57348a57339cdfa28f54) Importer(815301076,1909f56bfc062723c751e8b465ee728b)
Start importing Assets/Sprites/Virtual Guy/Run (32x32).png using Guid(4f8a920ce9fc57348a57339cdfa28f54) Importer(815301076,1909f56bfc062723c751e8b465ee728b)  -> (artifact id: 'bae6f952618a5141ac7c9d66429083c5') in 0.032081 seconds
  Import took 0.035623 seconds .

========================================================================
Received Import Request.
  Time since last request: 0.000271 seconds.
  path: Assets/Sprites/Virtual Guy/Wall Jump (32x32).png
  artifactKey: Guid(d73a579b720005d4f934dcd84be7da4f) Importer(815301076,1909f56bfc062723c751e8b465ee728b)
Start importing Assets/Sprites/Virtual Guy/Wall Jump (32x32).png using Guid(d73a579b720005d4f934dcd84be7da4f) Importer(815301076,1909f56bfc062723c751e8b465ee728b)  -> (artifact id: 'e46d428ab001d792cce78ded1bc5713d') in 0.042964 seconds
  Import took 0.046759 seconds .

========================================================================
Received Import Request.
  Time since last request: 25.442754 seconds.
  path: Assets/Sprites/Virtual Guy/Idle (32x32).png
  artifactKey: Guid(a0f7a22ee06ab434fa6f88badd095720) Importer(815301076,1909f56bfc062723c751e8b465ee728b)
Start importing Assets/Sprites/Virtual Guy/Idle (32x32).png using Guid(a0f7a22ee06ab434fa6f88badd095720) Importer(815301076,1909f56bfc062723c751e8b465ee728b)  -> (artifact id: 'd40419eb8621bbaba3560eb1788281f5') in 0.013584 seconds
  Import took 0.019227 seconds .

========================================================================
Received Import Request.
  Time since last request: 0.007888 seconds.
  path: Assets/Sprites/Virtual Guy/Idle (32x32).png
  artifactKey: Guid(a0f7a22ee06ab434fa6f88badd095720) Importer(815301076,1909f56bfc062723c751e8b465ee728b)
Start importing Assets/Sprites/Virtual Guy/Idle (32x32).png using Guid(a0f7a22ee06ab434fa6f88badd095720) Importer(815301076,1909f56bfc062723c751e8b465ee728b)  -> (artifact id: 'd40419eb8621bbaba3560eb1788281f5') in 0.011504 seconds
  Import took 0.016380 seconds .

========================================================================
Received Import Request.
  Time since last request: 19.329837 seconds.
  path: Assets/Sprites/Virtual Guy/Idle (32x32).png
  artifactKey: Guid(a0f7a22ee06ab434fa6f88badd095720) Importer(815301076,1909f56bfc062723c751e8b465ee728b)
Start importing Assets/Sprites/Virtual Guy/Idle (32x32).png using Guid(a0f7a22ee06ab434fa6f88badd095720) Importer(815301076,1909f56bfc062723c751e8b465ee728b)  -> (artifact id: '7a64a98cd7e14a988cd64e575349ca75') in 0.063896 seconds
  Import took 0.068760 seconds .

========================================================================
Received Import Request.
  Time since last request: 94.806355 seconds.
  path: Assets/Sprites/Virtual Guy/Idle (32x32).png
  artifactKey: Guid(a0f7a22ee06ab434fa6f88badd095720) Importer(815301076,1909f56bfc062723c751e8b465ee728b)
Start importing Assets/Sprites/Virtual Guy/Idle (32x32).png using Guid(a0f7a22ee06ab434fa6f88badd095720) Importer(815301076,1909f56bfc062723c751e8b465ee728b)  -> (artifact id: 'c9b24142f8fafca4ac50d8f05b466972') in 0.043432 seconds
  Import took 0.047995 seconds .

========================================================================
Received Import Request.
  Time since last request: 16.159571 seconds.
  path: Assets/Sprites/Virtual Guy/Idle (32x32).png
  artifactKey: Guid(a0f7a22ee06ab434fa6f88badd095720) Importer(815301076,1909f56bfc062723c751e8b465ee728b)
Start importing Assets/Sprites/Virtual Guy/Idle (32x32).png using Guid(a0f7a22ee06ab434fa6f88badd095720) Importer(815301076,1909f56bfc062723c751e8b465ee728b)  -> (artifact id: 'f5e37f6eaa0f641ab77c572bfbd89f2f') in 0.041475 seconds
  Import took 0.046474 seconds .

========================================================================
Received Prepare
Registering precompiled user dll's ...
Registered in 0.002409 seconds.
Begin MonoManager ReloadAssembly
Native extension for WindowsStandalone target not found
Refreshing native plugins compatible for Editor in 0.68 ms, found 1 plugins.
Preloading 0 native plugins for Editor in 0.00 ms.
Invoked RoslynAnalysisRunner static constructor.
RoslynAnalysisRunner will not be running.
RoslynAnalysisRunner has terminated.
Mono: successfully reloaded assembly
- Completed reload, in  2.916 seconds
Platform modules already initialized, skipping
Refreshing native plugins compatible for Editor in 0.85 ms, found 1 plugins.
Preloading 0 native plugins for Editor in 0.00 ms.
Unloading 1792 Unused Serialized files (Serialized files now loaded: 0)
System memory in use before: 87.7 MB.
System memory in use after: 87.7 MB.

Unloading 12 unused Assets to reduce memory usage. Loaded Objects now: 2321.
Total: 127.542700 ms (FindLiveObjects: 0.570700 ms CreateObjectMapping: 0.258900 ms MarkObjects: 126.528300 ms  DeleteObjects: 0.181500 ms)

========================================================================
Received Prepare
Registering precompiled user dll's ...
Registered in 0.002674 seconds.
Begin MonoManager ReloadAssembly
Native extension for WindowsStandalone target not found
Refreshing native plugins compatible for Editor in 0.43 ms, found 1 plugins.
Preloading 0 native plugins for Editor in 0.00 ms.
Invoked RoslynAnalysisRunner static constructor.
RoslynAnalysisRunner will not be running.
RoslynAnalysisRunner has terminated.
Mono: successfully reloaded assembly
- Completed reload, in  1.544 seconds
Platform modules already initialized, skipping
Refreshing native plugins compatible for Editor in 0.62 ms, found 1 plugins.
Preloading 0 native plugins for Editor in 0.00 ms.
Unloading 1792 Unused Serialized files (Serialized files now loaded: 0)
System memory in use before: 87.7 MB.
System memory in use after: 87.7 MB.

Unloading 12 unused Assets to reduce memory usage. Loaded Objects now: 2324.
Total: 3.660300 ms (FindLiveObjects: 0.564000 ms CreateObjectMapping: 0.247400 ms MarkObjects: 2.677700 ms  DeleteObjects: 0.169000 ms)

========================================================================
Received Prepare
Registering precompiled user dll's ...
Registered in 0.001737 seconds.
Begin MonoManager ReloadAssembly
Native extension for WindowsStandalone target not found
Refreshing native plugins compatible for Editor in 0.40 ms, found 1 plugins.
Preloading 0 native plugins for Editor in 0.00 ms.
Invoked RoslynAnalysisRunner static constructor.
RoslynAnalysisRunner will not be running.
RoslynAnalysisRunner has terminated.
Mono: successfully reloaded assembly
- Completed reload, in  1.136 seconds
Platform modules already initialized, skipping
Refreshing native plugins compatible for Editor in 0.48 ms, found 1 plugins.
Preloading 0 native plugins for Editor in 0.00 ms.
Unloading 1792 Unused Serialized files (Serialized files now loaded: 0)
System memory in use before: 87.8 MB.
System memory in use after: 87.8 MB.

Unloading 12 unused Assets to reduce memory usage. Loaded Objects now: 2327.
Total: 3.338700 ms (FindLiveObjects: 0.280100 ms CreateObjectMapping: 0.180200 ms MarkObjects: 2.724800 ms  DeleteObjects: 0.152200 ms)

========================================================================
Received Prepare
Registering precompiled user dll's ...
Registered in 0.001267 seconds.
Begin MonoManager ReloadAssembly
Native extension for WindowsStandalone target not found
Refreshing native plugins compatible for Editor in 0.43 ms, found 1 plugins.
Preloading 0 native plugins for Editor in 0.00 ms.
Invoked RoslynAnalysisRunner static constructor.
RoslynAnalysisRunner will not be running.
RoslynAnalysisRunner has terminated.
Mono: successfully reloaded assembly
- Completed reload, in  1.046 seconds
Platform modules already initialized, skipping
Refreshing native plugins compatible for Editor in 0.77 ms, found 1 plugins.
Preloading 0 native plugins for Editor in 0.00 ms.
Unloading 1792 Unused Serialized files (Serialized files now loaded: 0)
System memory in use before: 87.8 MB.
System memory in use after: 87.8 MB.

Unloading 12 unused Assets to reduce memory usage. Loaded Objects now: 2330.
Total: 3.454300 ms (FindLiveObjects: 0.460600 ms CreateObjectMapping: 0.277900 ms MarkObjects: 2.520900 ms  DeleteObjects: 0.193200 ms)

========================================================================
Received Prepare
Registering precompiled user dll's ...
Registered in 0.001264 seconds.
Begin MonoManager ReloadAssembly
Native extension for WindowsStandalone target not found
Refreshing native plugins compatible for Editor in 0.41 ms, found 1 plugins.
Preloading 0 native plugins for Editor in 0.00 ms.
Invoked RoslynAnalysisRunner static constructor.
RoslynAnalysisRunner will not be running.
RoslynAnalysisRunner has terminated.
Mono: successfully reloaded assembly
- Completed reload, in  1.082 seconds
Platform modules already initialized, skipping
Refreshing native plugins compatible for Editor in 0.50 ms, found 1 plugins.
Preloading 0 native plugins for Editor in 0.00 ms.
Unloading 1792 Unused Serialized files (Serialized files now loaded: 0)
System memory in use before: 87.8 MB.
System memory in use after: 87.8 MB.

Unloading 12 unused Assets to reduce memory usage. Loaded Objects now: 2333.
Total: 3.056300 ms (FindLiveObjects: 0.387800 ms CreateObjectMapping: 0.142000 ms MarkObjects: 2.355700 ms  DeleteObjects: 0.168900 ms)

========================================================================
Received Prepare
Registering precompiled user dll's ...
Registered in 0.002742 seconds.
Begin MonoManager ReloadAssembly
Native extension for WindowsStandalone target not found
Refreshing native plugins compatible for Editor in 0.57 ms, found 1 plugins.
Preloading 0 native plugins for Editor in 0.00 ms.
Invoked RoslynAnalysisRunner static constructor.
RoslynAnalysisRunner will not be running.
RoslynAnalysisRunner has terminated.
Mono: successfully reloaded assembly
- Completed reload, in  1.569 seconds
Platform modules already initialized, skipping
Refreshing native plugins compatible for Editor in 0.80 ms, found 1 plugins.
Preloading 0 native plugins for Editor in 0.00 ms.
Unloading 1792 Unused Serialized files (Serialized files now loaded: 0)
System memory in use before: 87.8 MB.
System memory in use after: 87.8 MB.

Unloading 12 unused Assets to reduce memory usage. Loaded Objects now: 2336.
Total: 3.727000 ms (FindLiveObjects: 0.286800 ms CreateObjectMapping: 0.328100 ms MarkObjects: 2.930000 ms  DeleteObjects: 0.180300 ms)

========================================================================
Received Prepare
Registering precompiled user dll's ...
Registered in 0.001126 seconds.
Begin MonoManager ReloadAssembly
Native extension for WindowsStandalone target not found
Refreshing native plugins compatible for Editor in 0.47 ms, found 1 plugins.
Preloading 0 native plugins for Editor in 0.00 ms.
Invoked RoslynAnalysisRunner static constructor.
RoslynAnalysisRunner will not be running.
RoslynAnalysisRunner has terminated.
Mono: successfully reloaded assembly
- Completed reload, in  1.089 seconds
Platform modules already initialized, skipping
Refreshing native plugins compatible for Editor in 0.48 ms, found 1 plugins.
Preloading 0 native plugins for Editor in 0.00 ms.
Unloading 1792 Unused Serialized files (Serialized files now loaded: 0)
System memory in use before: 87.8 MB.
System memory in use after: 87.8 MB.

Unloading 12 unused Assets to reduce memory usage. Loaded Objects now: 2339.
Total: 3.107300 ms (FindLiveObjects: 0.291700 ms CreateObjectMapping: 0.160700 ms MarkObjects: 2.488000 ms  DeleteObjects: 0.165600 ms)

========================================================================
Received Import Request.
  Time since last request: 1870.728632 seconds.
  path: Assets/Sprites/Virtual Guy/Double Jump (32x32).png
  artifactKey: Guid(b2269353bda6a7c4c9424624c29746e1) Importer(815301076,1909f56bfc062723c751e8b465ee728b)
Start importing Assets/Sprites/Virtual Guy/Double Jump (32x32).png using Guid(b2269353bda6a7c4c9424624c29746e1) Importer(815301076,1909f56bfc062723c751e8b465ee728b)  -> (artifact id: '7cdc830c3a83a57214fbac24daf97e7d') in 0.077752 seconds
  Import took 0.083609 seconds .

========================================================================
Received Import Request.
  Time since last request: 8.551639 seconds.
  path: Assets/Sprites/Virtual Guy/Double Jump (32x32).png
  artifactKey: Guid(b2269353bda6a7c4c9424624c29746e1) Importer(815301076,1909f56bfc062723c751e8b465ee728b)
Start importing Assets/Sprites/Virtual Guy/Double Jump (32x32).png using Guid(b2269353bda6a7c4c9424624c29746e1) Importer(815301076,1909f56bfc062723c751e8b465ee728b)  -> (artifact id: '21565e7cca62fb8c190b6fc82bf126ba') in 0.058108 seconds
  Import took 0.062522 seconds .

========================================================================
Received Import Request.
  Time since last request: 16.994623 seconds.
  path: Assets/Sprites/Virtual Guy/Hit (32x32).png
  artifactKey: Guid(0a5e580766b214043acbbbd1fcb927cc) Importer(815301076,1909f56bfc062723c751e8b465ee728b)
Start importing Assets/Sprites/Virtual Guy/Hit (32x32).png using Guid(0a5e580766b214043acbbbd1fcb927cc) Importer(815301076,1909f56bfc062723c751e8b465ee728b)  -> (artifact id: 'f0cbec874d32786a8cf3e8a5b0fedede') in 0.013786 seconds
  Import took 0.028737 seconds .

========================================================================
Received Import Request.
  Time since last request: 0.011314 seconds.
  path: Assets/Sprites/Virtual Guy/Hit (32x32).png
  artifactKey: Guid(0a5e580766b214043acbbbd1fcb927cc) Importer(815301076,1909f56bfc062723c751e8b465ee728b)
Start importing Assets/Sprites/Virtual Guy/Hit (32x32).png using Guid(0a5e580766b214043acbbbd1fcb927cc) Importer(815301076,1909f56bfc062723c751e8b465ee728b)  -> (artifact id: 'f0cbec874d32786a8cf3e8a5b0fedede') in 0.011885 seconds
  Import took 0.016520 seconds .

========================================================================
Received Import Request.
  Time since last request: 9.837187 seconds.
  path: Assets/Sprites/Virtual Guy/Hit (32x32).png
  artifactKey: Guid(0a5e580766b214043acbbbd1fcb927cc) Importer(815301076,1909f56bfc062723c751e8b465ee728b)
Start importing Assets/Sprites/Virtual Guy/Hit (32x32).png using Guid(0a5e580766b214043acbbbd1fcb927cc) Importer(815301076,1909f56bfc062723c751e8b465ee728b)  -> (artifact id: 'd0f7273fa5c4c4ac4080b65b29c69b7e') in 0.045388 seconds
  Import took 0.064983 seconds .

========================================================================
Received Import Request.
  Time since last request: 16.250828 seconds.
  path: Assets/Sprites/Virtual Guy/Run (32x32).png
  artifactKey: Guid(4f8a920ce9fc57348a57339cdfa28f54) Importer(815301076,1909f56bfc062723c751e8b465ee728b)
Start importing Assets/Sprites/Virtual Guy/Run (32x32).png using Guid(4f8a920ce9fc57348a57339cdfa28f54) Importer(815301076,1909f56bfc062723c751e8b465ee728b)  -> (artifact id: '26fb92beee7f067281cad0ec3e23374f') in 0.012454 seconds
  Import took 0.017177 seconds .

========================================================================
Received Import Request.
  Time since last request: 0.007074 seconds.
  path: Assets/Sprites/Virtual Guy/Run (32x32).png
  artifactKey: Guid(4f8a920ce9fc57348a57339cdfa28f54) Importer(815301076,1909f56bfc062723c751e8b465ee728b)
Start importing Assets/Sprites/Virtual Guy/Run (32x32).png using Guid(4f8a920ce9fc57348a57339cdfa28f54) Importer(815301076,1909f56bfc062723c751e8b465ee728b)  -> (artifact id: '26fb92beee7f067281cad0ec3e23374f') in 0.010258 seconds
  Import took 0.015680 seconds .

========================================================================
Received Import Request.
  Time since last request: 6.009533 seconds.
  path: Assets/Sprites/Virtual Guy/Run (32x32).png
  artifactKey: Guid(4f8a920ce9fc57348a57339cdfa28f54) Importer(815301076,1909f56bfc062723c751e8b465ee728b)
Start importing Assets/Sprites/Virtual Guy/Run (32x32).png using Guid(4f8a920ce9fc57348a57339cdfa28f54) Importer(815301076,1909f56bfc062723c751e8b465ee728b)  -> (artifact id: '17730aaf7490ae9aaf629936f2ad9b11') in 0.049929 seconds
  Import took 0.055513 seconds .

========================================================================
Received Import Request.
  Time since last request: 12.120525 seconds.
  path: Assets/Sprites/Virtual Guy/Wall Jump (32x32).png
  artifactKey: Guid(d73a579b720005d4f934dcd84be7da4f) Importer(815301076,1909f56bfc062723c751e8b465ee728b)
Start importing Assets/Sprites/Virtual Guy/Wall Jump (32x32).png using Guid(d73a579b720005d4f934dcd84be7da4f) Importer(815301076,1909f56bfc062723c751e8b465ee728b)  -> (artifact id: '4613bdbf381bf2819ee64704bd119103') in 0.013574 seconds
  Import took 0.017803 seconds .

========================================================================
Received Import Request.
  Time since last request: 0.007875 seconds.
  path: Assets/Sprites/Virtual Guy/Wall Jump (32x32).png
  artifactKey: Guid(d73a579b720005d4f934dcd84be7da4f) Importer(815301076,1909f56bfc062723c751e8b465ee728b)
Start importing Assets/Sprites/Virtual Guy/Wall Jump (32x32).png using Guid(d73a579b720005d4f934dcd84be7da4f) Importer(815301076,1909f56bfc062723c751e8b465ee728b)  -> (artifact id: '4613bdbf381bf2819ee64704bd119103') in 0.009956 seconds
  Import took 0.015016 seconds .

========================================================================
Received Import Request.
  Time since last request: 4.405290 seconds.
  path: Assets/Sprites/Virtual Guy/Wall Jump (32x32).png
  artifactKey: Guid(d73a579b720005d4f934dcd84be7da4f) Importer(815301076,1909f56bfc062723c751e8b465ee728b)
Start importing Assets/Sprites/Virtual Guy/Wall Jump (32x32).png using Guid(d73a579b720005d4f934dcd84be7da4f) Importer(815301076,1909f56bfc062723c751e8b465ee728b)  -> (artifact id: '7e15ed3f16549136e044e64715cf60ff') in 0.033368 seconds
  Import took 0.038178 seconds .

========================================================================
Received Import Request.
  Time since last request: 7.871677 seconds.
  path: Assets/Sprites/Virtual Guy/Fall (32x32).png
  artifactKey: Guid(44f3189c45b35ba4caa9184087692a47) Importer(815301076,1909f56bfc062723c751e8b465ee728b)
Start importing Assets/Sprites/Virtual Guy/Fall (32x32).png using Guid(44f3189c45b35ba4caa9184087692a47) Importer(815301076,1909f56bfc062723c751e8b465ee728b)  -> (artifact id: 'cb8e840dcca567666f5635516605cae8') in 0.014557 seconds
  Import took 0.019152 seconds .

========================================================================
Received Import Request.
  Time since last request: 0.007603 seconds.
  path: Assets/Sprites/Virtual Guy/Fall (32x32).png
  artifactKey: Guid(44f3189c45b35ba4caa9184087692a47) Importer(815301076,1909f56bfc062723c751e8b465ee728b)
Start importing Assets/Sprites/Virtual Guy/Fall (32x32).png using Guid(44f3189c45b35ba4caa9184087692a47) Importer(815301076,1909f56bfc062723c751e8b465ee728b)  -> (artifact id: 'cb8e840dcca567666f5635516605cae8') in 0.012651 seconds
  Import took 0.017494 seconds .

========================================================================
Received Import Request.
  Time since last request: 11.216176 seconds.
  path: Assets/Sprites/Virtual Guy/Jump (32x32).png
  artifactKey: Guid(6a0678c03392b6c4584d41e957d2d2a8) Importer(815301076,1909f56bfc062723c751e8b465ee728b)
Start importing Assets/Sprites/Virtual Guy/Jump (32x32).png using Guid(6a0678c03392b6c4584d41e957d2d2a8) Importer(815301076,1909f56bfc062723c751e8b465ee728b)  -> (artifact id: '2d5536b1060413cdd0db404cf8d4a4d7') in 0.012468 seconds
  Import took 0.017822 seconds .

========================================================================
Received Import Request.
  Time since last request: 0.009557 seconds.
  path: Assets/Sprites/Virtual Guy/Jump (32x32).png
  artifactKey: Guid(6a0678c03392b6c4584d41e957d2d2a8) Importer(815301076,1909f56bfc062723c751e8b465ee728b)
Start importing Assets/Sprites/Virtual Guy/Jump (32x32).png using Guid(6a0678c03392b6c4584d41e957d2d2a8) Importer(815301076,1909f56bfc062723c751e8b465ee728b)  -> (artifact id: '2d5536b1060413cdd0db404cf8d4a4d7') in 0.014350 seconds
  Import took 0.019498 seconds .

========================================================================
Received Prepare
Registering precompiled user dll's ...
Registered in 0.003169 seconds.
Begin MonoManager ReloadAssembly
Native extension for WindowsStandalone target not found
Refreshing native plugins compatible for Editor in 0.76 ms, found 1 plugins.
Preloading 0 native plugins for Editor in 0.00 ms.
Invoked RoslynAnalysisRunner static constructor.
RoslynAnalysisRunner will not be running.
RoslynAnalysisRunner has terminated.
Mono: successfully reloaded assembly
- Completed reload, in  2.461 seconds
Platform modules already initialized, skipping
Refreshing native plugins compatible for Editor in 0.72 ms, found 1 plugins.
Preloading 0 native plugins for Editor in 0.00 ms.
Unloading 1792 Unused Serialized files (Serialized files now loaded: 0)
System memory in use before: 87.8 MB.
System memory in use after: 87.8 MB.

Unloading 12 unused Assets to reduce memory usage. Loaded Objects now: 2357.
Total: 4.964000 ms (FindLiveObjects: 0.414500 ms CreateObjectMapping: 0.251500 ms MarkObjects: 4.059000 ms  DeleteObjects: 0.236700 ms)

AssetImportWorkerClient::OnTransportError - code=2 error=End of file
